(0000) 3000  0011000000000000 (  60)                 .ORIG x3000
(3000) E099  1110000010011001 (  65) START           LEA   R0 PRMTIN
(3001) F022  1111000000100010 (  66)                 TRAP  x22
(3002) 2486  0010010010000110 (  68)                 LD    R2 COUNT7
(3003) E287  1110001010000111 (  69)                 LEA   R1 INPUT
(3004) 5920  0101100100100000 (  71)                 AND   R4 R4 #0
(3005) F020  1111000000100000 (  74) RD_LP           TRAP  x20
(3006) F021  1111000000100001 (  76)                 TRAP  x21
(3007) 56E0  0101011011100000 (  79)                 AND   R3 R3 #0
(3008) 16C0  0001011011000000 (  80)                 ADD   R3 R3 R0
(3009) 16F6  0001011011110110 (  81)                 ADD   R3 R3 #-10
(300A) 040E  0000010000001110 (  82)                 BRZ   RD_EX
(300B) 14B9  0001010010111001 (  85)                 ADD   R2 R2 #-7
(300C) 0806  0000100000000110 (  86)                 BRN   SKP_EX
(300D) 56E0  0101011011100000 (  90)                 AND   R3 R3 #0
(300E) 16C0  0001011011000000 (  91)                 ADD   R3 R3 R0
(300F) 16F0  0001011011110000 (  92)                 ADD   R3 R3 #-16
(3010) 16F0  0001011011110000 (  93)                 ADD   R3 R3 #-16
(3011) 16FD  0001011011111101 (  94)                 ADD   R3 R3 #-3
(3012) 0473  0000010001110011 (  95)                 BRZ   EXP2
(3013) 14A7  0001010010100111 (  97) SKP_EX          ADD   R2 R2 #7
(3014) 7040  0111000001000000 ( 100)                 STR   R0 R1 #0
(3015) 1261  0001001001100001 ( 103)                 ADD   R1 R1 #1
(3016) 1921  0001100100100001 ( 106)                 ADD   R4 R4 #1
(3017) 14BF  0001010010111111 ( 108)                 ADD   R2 R2 #-1
(3018) 03EC  0000001111101100 ( 109)                 BRP   RD_LP
(3019) E0C9  1110000011001001 ( 112) RD_EX           LEA   R0 NWLN
(301A) F022  1111000000100010 ( 113)                 TRAP  x22
(301B) 14B9  0001010010111001 ( 116)                 ADD   R2 R2 #-7
(301C) 387C  0011100001111100 ( 118)                 ST    R4 INP_LEN
(301D) 0803  0000100000000011 ( 119)                 BRN   FND
(301E) E0C7  1110000011000111 ( 121)                 LEA   R0 ALTIN
(301F) F022  1111000000100010 ( 122)                 TRAP  x22
(3020) 0FDF  0000111111011111 ( 123)                 BRNZP START
(3021) E08E  1110000010001110 ( 127) FND             LEA   R0 PRMTFD
(3022) F022  1111000000100010 ( 128)                 TRAP  x22
(3023) 2466  0010010001100110 ( 130)                 LD    R2 COUNT2
(3024) E26E  1110001001101110 ( 131)                 LEA   R1 FIND
(3025) 5920  0101100100100000 ( 134)                 AND   R4 R4 #0
(3026) F020  1111000000100000 ( 137) FD_LP           TRAP  x20
(3027) F021  1111000000100001 ( 139)                 TRAP  x21
(3028) 56E0  0101011011100000 ( 142)                 AND   R3 R3 #0
(3029) 16C0  0001011011000000 ( 143)                 ADD   R3 R3 R0
(302A) 16F6  0001011011110110 ( 144)                 ADD   R3 R3 #-10
(302B) 0405  0000010000000101 ( 145)                 BRZ   FD_EX
(302C) 7040  0111000001000000 ( 148)                 STR   R0 R1 #0
(302D) 1261  0001001001100001 ( 151)                 ADD   R1 R1 #1
(302E) 1921  0001100100100001 ( 154)                 ADD   R4 R4 #1
(302F) 14BF  0001010010111111 ( 156)                 ADD   R2 R2 #-1
(3030) 03F5  0000001111110101 ( 157)                 BRP   FD_LP
(3031) E0B1  1110000010110001 ( 159) FD_EX           LEA   R0 NWLN
(3032) F022  1111000000100010 ( 160)                 TRAP  x22
(3033) 14BE  0001010010111110 ( 163)                 ADD   R2 R2 #-2
(3034) 0803  0000100000000011 ( 165)                 BRN   RP
(3035) E0CC  1110000011001100 ( 168)                 LEA   R0 ALTFD
(3036) F022  1111000000100010 ( 169)                 TRAP  x22
(3037) 0FE9  0000111111101001 ( 170)                 BRNZP FND
(3038) E08C  1110000010001100 ( 174) RP              LEA   R0 PRMTRP
(3039) F022  1111000000100010 ( 175)                 TRAP  x22
(303A) E25B  1110001001011011 ( 177)                 LEA   R1 REPLACE
(303B) 54A0  0101010010100000 ( 180)                 AND   R2 R2 #0
(303C) 1484  0001010010000100 ( 181)                 ADD   R2 R2 R4
(303D) F020  1111000000100000 ( 183) RP_LP           TRAP  x20
(303E) F021  1111000000100001 ( 184)                 TRAP  x21
(303F) 56E0  0101011011100000 ( 187)                 AND   R3 R3 #0
(3040) 16C0  0001011011000000 ( 188)                 ADD   R3 R3 R0
(3041) 16F6  0001011011110110 ( 189)                 ADD   R3 R3 #-10
(3042) 0404  0000010000000100 ( 190)                 BRZ   RP_EX
(3043) 7040  0111000001000000 ( 193)                 STR   R0 R1 #0
(3044) 1261  0001001001100001 ( 196)                 ADD   R1 R1 #1
(3045) 14BF  0001010010111111 ( 198)                 ADD   R2 R2 #-1
(3046) 03F6  0000001111110110 ( 200)                 BRP   RP_LP
(3047) E09B  1110000010011011 ( 202) RP_EX           LEA   R0 NWLN
(3048) F022  1111000000100010 ( 203)                 TRAP  x22
(3049) 193F  0001100100111111 ( 208)                 ADD   R4 R4 #-1
(304A) 0404  0000010000000100 ( 209)                 BRZ   FR1
(304B) 1921  0001100100100001 ( 210)                 ADD   R4 R4 #1
(304C) 193E  0001100100111110 ( 213)                 ADD   R4 R4 #-2
(304D) 040F  0000010000001111 ( 214)                 BRZ   FR2
(304E) 0E31  0000111000110001 ( 218)                 BRNZP EXP0
(304F) 2449  0010010001001001 ( 222) FR1             LD    R2 INP_LEN
(3050) E23A  1110001000111010 ( 224)                 LEA   R1 INPUT
(3051) 2641  0010011001000001 ( 225)                 LD    R3 FIND
(3052) 96FF  1001011011111111 ( 226)                 NOT   R3 R3
(3053) 16E1  0001011011100001 ( 227)                 ADD   R3 R3 #1
(3054) 2841  0010100001000001 ( 228)                 LD    R4 REPLACE
(3055) 6A40  0110101001000000 ( 231) FR1_LP          LDR   R5 R1 #0
(3056) 1B43  0001101101000011 ( 233)                 ADD   R5 R5 R3
(3057) 0A01  0000101000000001 ( 235)                 BRNP  DC_CNT1
(3058) 7840  0111100001000000 ( 237)                 STR   R4 R1 #0
(3059) 1261  0001001001100001 ( 239) DC_CNT1         ADD   R1 R1 #1
(305A) 14BF  0001010010111111 ( 240)                 ADD   R2 R2 #-1
(305B) 03F9  0000001111111001 ( 241)                 BRP   FR1_LP
(305C) 0E1E  0000111000011110 ( 243)                 BRNZP P_FIN
(305D) 243B  0010010000111011 ( 251) FR2             LD    R2 INP_LEN
(305E) E22C  1110001000101100 ( 252)                 LEA   R1 INPUT
(305F) 1261  0001001001100001 ( 253)                 ADD   R1 R1 #1
(3060) E632  1110011000110010 ( 255)                 LEA   R3 FIND
(3061) E834  1110100000110100 ( 256)                 LEA   R4 REPLACE
(3062) 6A7F  0110101001111111 ( 258) FR2_LP          LDR   R5 R1 #-1
(3063) 6CC0  0110110011000000 ( 260)                 LDR   R6 R3 #0
(3064) 9DBF  1001110110111111 ( 263)                 NOT   R6 R6
(3065) 1DA1  0001110110100001 ( 264)                 ADD   R6 R6 #1
(3066) 1B46  0001101101000110 ( 265)                 ADD   R5 R5 R6
(3067) 0A10  0000101000010000 ( 267)                 BRNP  DC_CNT2
(3068) 6A40  0110101001000000 ( 270)                 LDR   R5 R1 #0
(3069) 6CC1  0110110011000001 ( 272)                 LDR   R6 R3 #1
(306A) 9DBF  1001110110111111 ( 274)                 NOT   R6 R6
(306B) 1DA1  0001110110100001 ( 275)                 ADD   R6 R6 #1
(306C) 1B46  0001101101000110 ( 276)                 ADD   R5 R5 R6
(306D) 0A0A  0000101000001010 ( 278)                 BRNP  DC_CNT2
(306E) 6B00  0110101100000000 ( 283)                 LDR   R5 R4 #0
(306F) 0A01  0000101000000001 ( 284)                 BRNP  NT_NL
(3070) 2A74  0010101001110100 ( 286)                 LD    R5 NULL_R
(3071) 7A7F  0111101001111111 ( 288) NT_NL           STR   R5 R1 #-1
(3072) 6B01  0110101100000001 ( 291)                 LDR   R5 R4 #1
(3073) 0A01  0000101000000001 ( 292)                 BRNP  NT_NL2
(3074) 2A70  0010101001110000 ( 294)                 LD    R5 NULL_R
(3075) 7A40  0111101001000000 ( 296) NT_NL2          STR   R5 R1 #0
(3076) 1261  0001001001100001 ( 300)                 ADD   R1 R1 #1
(3077) 14BF  0001010010111111 ( 301)                 ADD   R2 R2 #-1
(3078) 1261  0001001001100001 ( 304) DC_CNT2         ADD   R1 R1 #1
(3079) 14BF  0001010010111111 ( 305)                 ADD   R2 R2 #-1
(307A) 03E7  0000001111100111 ( 306)                 BRP   FR2_LP
(307B) E00F  1110000000001111 ( 314) P_FIN           LEA   R0 INPUT
(307C) F022  1111000000100010 ( 315)                 TRAP  x22
(307D) E065  1110000001100101 ( 316)                 LEA   R0 NWLN
(307E) F022  1111000000100010 ( 317)                 TRAP  x22
(307F) 0F80  0000111110000000 ( 318)                 BRNZP START
(3080) E0A4  1110000010100100 ( 323) EXP0            LEA   R0 EXPT0
(3081) F022  1111000000100010 ( 324)                 TRAP  x22
(3082) F025  1111000000100101 ( 325)                 TRAP  x25
(3083) E0A8  1110000010101000 ( 327) EXP1            LEA   R0 EXPT1
(3084) F022  1111000000100010 ( 328)                 TRAP  x22
(3085) F025  1111000000100101 ( 329)                 TRAP  x25
(3086) E0B1  1110000010110001 ( 331) EXP2            LEA   R0 EXPT2
(3087) F022  1111000000100010 ( 332)                 TRAP  x22
(3088) F025  1111000000100101 ( 333)                 TRAP  x25
(3089) 0007  0000000000000111 ( 336) COUNT7          .FILL x0007
(308A) 0002  0000000000000010 ( 337) COUNT2          .FILL x0002
(308B) 0000  0000000000000000 ( 341) INPUT           .FILL x0000
(308C) 0000  0000000000000000 ( 341)                 .FILL x0000
(308D) 0000  0000000000000000 ( 341)                 .FILL x0000
(308E) 0000  0000000000000000 ( 341)                 .FILL x0000
(308F) 0000  0000000000000000 ( 341)                 .FILL x0000
(3090) 0000  0000000000000000 ( 341)                 .FILL x0000
(3091) 0000  0000000000000000 ( 341)                 .FILL x0000
(3092) 0000  0000000000000000 ( 341)                 .FILL x0000
(3093) 0000  0000000000000000 ( 342) FIND            .FILL x0000
(3094) 0000  0000000000000000 ( 342)                 .FILL x0000
(3095) 0000  0000000000000000 ( 342)                 .FILL x0000
(3096) 0000  0000000000000000 ( 344) REPLACE         .FILL x0000
(3097) 0000  0000000000000000 ( 344)                 .FILL x0000
(3098) 0000  0000000000000000 ( 344)                 .FILL x0000
(3099) 0000  0000000000000000 ( 346) INP_LEN         .FILL x0000
(309A) 0049  0000000001001001 ( 346) PRMTIN          .FILL x0049
(309B) 006E  0000000001101110 ( 346)                 .FILL x006E
(309C) 0070  0000000001110000 ( 346)                 .FILL x0070
(309D) 0075  0000000001110101 ( 346)                 .FILL x0075
(309E) 0074  0000000001110100 ( 346)                 .FILL x0074
(309F) 0020  0000000000100000 ( 346)                 .FILL x0020
(30A0) 0028  0000000000101000 ( 346)                 .FILL x0028
(30A1) 006D  0000000001101101 ( 346)                 .FILL x006D
(30A2) 0061  0000000001100001 ( 346)                 .FILL x0061
(30A3) 0078  0000000001111000 ( 346)                 .FILL x0078
(30A4) 0020  0000000000100000 ( 346)                 .FILL x0020
(30A5) 0037  0000000000110111 ( 346)                 .FILL x0037
(30A6) 0020  0000000000100000 ( 346)                 .FILL x0020
(30A7) 0063  0000000001100011 ( 346)                 .FILL x0063
(30A8) 0068  0000000001101000 ( 346)                 .FILL x0068
(30A9) 0061  0000000001100001 ( 346)                 .FILL x0061
(30AA) 0072  0000000001110010 ( 346)                 .FILL x0072
(30AB) 0073  0000000001110011 ( 346)                 .FILL x0073
(30AC) 0029  0000000000101001 ( 346)                 .FILL x0029
(30AD) 003A  0000000000111010 ( 346)                 .FILL x003A
(30AE) 0020  0000000000100000 ( 346)                 .FILL x0020
(30AF) 0000  0000000000000000 ( 346)                 .FILL x0000
(30B0) 0046  0000000001000110 ( 347) PRMTFD          .FILL x0046
(30B1) 0069  0000000001101001 ( 347)                 .FILL x0069
(30B2) 006E  0000000001101110 ( 347)                 .FILL x006E
(30B3) 0064  0000000001100100 ( 347)                 .FILL x0064
(30B4) 0020  0000000000100000 ( 347)                 .FILL x0020
(30B5) 0028  0000000000101000 ( 347)                 .FILL x0028
(30B6) 006D  0000000001101101 ( 347)                 .FILL x006D
(30B7) 0061  0000000001100001 ( 347)                 .FILL x0061
(30B8) 0078  0000000001111000 ( 347)                 .FILL x0078
(30B9) 0020  0000000000100000 ( 347)                 .FILL x0020
(30BA) 0032  0000000000110010 ( 347)                 .FILL x0032
(30BB) 0020  0000000000100000 ( 347)                 .FILL x0020
(30BC) 0063  0000000001100011 ( 347)                 .FILL x0063
(30BD) 0068  0000000001101000 ( 347)                 .FILL x0068
(30BE) 0061  0000000001100001 ( 347)                 .FILL x0061
(30BF) 0072  0000000001110010 ( 347)                 .FILL x0072
(30C0) 0073  0000000001110011 ( 347)                 .FILL x0073
(30C1) 0029  0000000000101001 ( 347)                 .FILL x0029
(30C2) 003A  0000000000111010 ( 347)                 .FILL x003A
(30C3) 0020  0000000000100000 ( 347)                 .FILL x0020
(30C4) 0000  0000000000000000 ( 347)                 .FILL x0000
(30C5) 0052  0000000001010010 ( 348) PRMTRP          .FILL x0052
(30C6) 0065  0000000001100101 ( 348)                 .FILL x0065
(30C7) 0070  0000000001110000 ( 348)                 .FILL x0070
(30C8) 006C  0000000001101100 ( 348)                 .FILL x006C
(30C9) 0061  0000000001100001 ( 348)                 .FILL x0061
(30CA) 0063  0000000001100011 ( 348)                 .FILL x0063
(30CB) 0065  0000000001100101 ( 348)                 .FILL x0065
(30CC) 0020  0000000000100000 ( 348)                 .FILL x0020
(30CD) 0028  0000000000101000 ( 348)                 .FILL x0028
(30CE) 003C  0000000000111100 ( 348)                 .FILL x003C
(30CF) 003D  0000000000111101 ( 348)                 .FILL x003D
(30D0) 0020  0000000000100000 ( 348)                 .FILL x0020
(30D1) 006C  0000000001101100 ( 348)                 .FILL x006C
(30D2) 0065  0000000001100101 ( 348)                 .FILL x0065
(30D3) 006E  0000000001101110 ( 348)                 .FILL x006E
(30D4) 0067  0000000001100111 ( 348)                 .FILL x0067
(30D5) 0074  0000000001110100 ( 348)                 .FILL x0074
(30D6) 0068  0000000001101000 ( 348)                 .FILL x0068
(30D7) 0020  0000000000100000 ( 348)                 .FILL x0020
(30D8) 006F  0000000001101111 ( 348)                 .FILL x006F
(30D9) 0066  0000000001100110 ( 348)                 .FILL x0066
(30DA) 0020  0000000000100000 ( 348)                 .FILL x0020
(30DB) 0066  0000000001100110 ( 348)                 .FILL x0066
(30DC) 0069  0000000001101001 ( 348)                 .FILL x0069
(30DD) 006E  0000000001101110 ( 348)                 .FILL x006E
(30DE) 0064  0000000001100100 ( 348)                 .FILL x0064
(30DF) 0029  0000000000101001 ( 348)                 .FILL x0029
(30E0) 003A  0000000000111010 ( 348)                 .FILL x003A
(30E1) 0020  0000000000100000 ( 348)                 .FILL x0020
(30E2) 0000  0000000000000000 ( 348)                 .FILL x0000
(30E3) 0A00  0000101000000000 ( 350) NWLN            .FILL x0A00
(30E4) 0000  0000000000000000 ( 351)                 .FILL x0000
(30E5) 0020  0000000000100000 ( 353) NULL_R          .FILL x0020
(30E6) 0049  0000000001001001 ( 355) ALTIN           .FILL x0049
(30E7) 006E  0000000001101110 ( 355)                 .FILL x006E
(30E8) 0070  0000000001110000 ( 355)                 .FILL x0070
(30E9) 0075  0000000001110101 ( 355)                 .FILL x0075
(30EA) 0074  0000000001110100 ( 355)                 .FILL x0074
(30EB) 0020  0000000000100000 ( 355)                 .FILL x0020
(30EC) 0065  0000000001100101 ( 355)                 .FILL x0065
(30ED) 006D  0000000001101101 ( 355)                 .FILL x006D
(30EE) 0070  0000000001110000 ( 355)                 .FILL x0070
(30EF) 0074  0000000001110100 ( 355)                 .FILL x0074
(30F0) 0079  0000000001111001 ( 355)                 .FILL x0079
(30F1) 002C  0000000000101100 ( 355)                 .FILL x002C
(30F2) 0020  0000000000100000 ( 355)                 .FILL x0020
(30F3) 006E  0000000001101110 ( 355)                 .FILL x006E
(30F4) 006F  0000000001101111 ( 355)                 .FILL x006F
(30F5) 0074  0000000001110100 ( 355)                 .FILL x0074
(30F6) 0068  0000000001101000 ( 355)                 .FILL x0068
(30F7) 0069  0000000001101001 ( 355)                 .FILL x0069
(30F8) 006E  0000000001101110 ( 355)                 .FILL x006E
(30F9) 0067  0000000001100111 ( 355)                 .FILL x0067
(30FA) 0020  0000000000100000 ( 355)                 .FILL x0020
(30FB) 0074  0000000001110100 ( 355)                 .FILL x0074
(30FC) 006F  0000000001101111 ( 355)                 .FILL x006F
(30FD) 0020  0000000000100000 ( 355)                 .FILL x0020
(30FE) 0064  0000000001100100 ( 355)                 .FILL x0064
(30FF) 006F  0000000001101111 ( 355)                 .FILL x006F
(3100) 002E  0000000000101110 ( 355)                 .FILL x002E
(3101) 0000  0000000000000000 ( 355)                 .FILL x0000
(3102) 0053  0000000001010011 ( 356) ALTFD           .FILL x0053
(3103) 0065  0000000001100101 ( 356)                 .FILL x0065
(3104) 0061  0000000001100001 ( 356)                 .FILL x0061
(3105) 0072  0000000001110010 ( 356)                 .FILL x0072
(3106) 0063  0000000001100011 ( 356)                 .FILL x0063
(3107) 0068  0000000001101000 ( 356)                 .FILL x0068
(3108) 0020  0000000000100000 ( 356)                 .FILL x0020
(3109) 0071  0000000001110001 ( 356)                 .FILL x0071
(310A) 0075  0000000001110101 ( 356)                 .FILL x0075
(310B) 0065  0000000001100101 ( 356)                 .FILL x0065
(310C) 0072  0000000001110010 ( 356)                 .FILL x0072
(310D) 0079  0000000001111001 ( 356)                 .FILL x0079
(310E) 0020  0000000000100000 ( 356)                 .FILL x0020
(310F) 0065  0000000001100101 ( 356)                 .FILL x0065
(3110) 006D  0000000001101101 ( 356)                 .FILL x006D
(3111) 0070  0000000001110000 ( 356)                 .FILL x0070
(3112) 0074  0000000001110100 ( 356)                 .FILL x0074
(3113) 0079  0000000001111001 ( 356)                 .FILL x0079
(3114) 002C  0000000000101100 ( 356)                 .FILL x002C
(3115) 0020  0000000000100000 ( 356)                 .FILL x0020
(3116) 006E  0000000001101110 ( 356)                 .FILL x006E
(3117) 006F  0000000001101111 ( 356)                 .FILL x006F
(3118) 0074  0000000001110100 ( 356)                 .FILL x0074
(3119) 0068  0000000001101000 ( 356)                 .FILL x0068
(311A) 0069  0000000001101001 ( 356)                 .FILL x0069
(311B) 006E  0000000001101110 ( 356)                 .FILL x006E
(311C) 0067  0000000001100111 ( 356)                 .FILL x0067
(311D) 0020  0000000000100000 ( 356)                 .FILL x0020
(311E) 0074  0000000001110100 ( 356)                 .FILL x0074
(311F) 006F  0000000001101111 ( 356)                 .FILL x006F
(3120) 0020  0000000000100000 ( 356)                 .FILL x0020
(3121) 0064  0000000001100100 ( 356)                 .FILL x0064
(3122) 006F  0000000001101111 ( 356)                 .FILL x006F
(3123) 002E  0000000000101110 ( 356)                 .FILL x002E
(3124) 0000  0000000000000000 ( 356)                 .FILL x0000
(3125) 0055  0000000001010101 ( 358) EXPT0           .FILL x0055
(3126) 0068  0000000001101000 ( 358)                 .FILL x0068
(3127) 0020  0000000000100000 ( 358)                 .FILL x0020
(3128) 006F  0000000001101111 ( 358)                 .FILL x006F
(3129) 0068  0000000001101000 ( 358)                 .FILL x0068
(312A) 002E  0000000000101110 ( 358)                 .FILL x002E
(312B) 0000  0000000000000000 ( 358)                 .FILL x0000
(312C) 0055  0000000001010101 ( 359) EXPT1           .FILL x0055
(312D) 006E  0000000001101110 ( 359)                 .FILL x006E
(312E) 0066  0000000001100110 ( 359)                 .FILL x0066
(312F) 0069  0000000001101001 ( 359)                 .FILL x0069
(3130) 006E  0000000001101110 ( 359)                 .FILL x006E
(3131) 0069  0000000001101001 ( 359)                 .FILL x0069
(3132) 0073  0000000001110011 ( 359)                 .FILL x0073
(3133) 0068  0000000001101000 ( 359)                 .FILL x0068
(3134) 0065  0000000001100101 ( 359)                 .FILL x0065
(3135) 0064  0000000001100100 ( 359)                 .FILL x0064
(3136) 002E  0000000000101110 ( 359)                 .FILL x002E
(3137) 0000  0000000000000000 ( 359)                 .FILL x0000
(3138) 0045  0000000001000101 ( 360) EXPT2           .FILL x0045
(3139) 0078  0000000001111000 ( 360)                 .FILL x0078
(313A) 0069  0000000001101001 ( 360)                 .FILL x0069
(313B) 0074  0000000001110100 ( 360)                 .FILL x0074
(313C) 0020  0000000000100000 ( 360)                 .FILL x0020
(313D) 0063  0000000001100011 ( 360)                 .FILL x0063
(313E) 0068  0000000001101000 ( 360)                 .FILL x0068
(313F) 0061  0000000001100001 ( 360)                 .FILL x0061
(3140) 0072  0000000001110010 ( 360)                 .FILL x0072
(3141) 0061  0000000001100001 ( 360)                 .FILL x0061
(3142) 0063  0000000001100011 ( 360)                 .FILL x0063
(3143) 0074  0000000001110100 ( 360)                 .FILL x0074
(3144) 0065  0000000001100101 ( 360)                 .FILL x0065
(3145) 0072  0000000001110010 ( 360)                 .FILL x0072
(3146) 0020  0000000000100000 ( 360)                 .FILL x0020
(3147) 0066  0000000001100110 ( 360)                 .FILL x0066
(3148) 006F  0000000001101111 ( 360)                 .FILL x006F
(3149) 0075  0000000001110101 ( 360)                 .FILL x0075
(314A) 006E  0000000001101110 ( 360)                 .FILL x006E
(314B) 0064  0000000001100100 ( 360)                 .FILL x0064
(314C) 002E  0000000000101110 ( 360)                 .FILL x002E
(314D) 002E  0000000000101110 ( 360)                 .FILL x002E
(314E) 002E  0000000000101110 ( 360)                 .FILL x002E
(314F) 0020  0000000000100000 ( 360)                 .FILL x0020
(3150) 0068  0000000001101000 ( 360)                 .FILL x0068
(3151) 0061  0000000001100001 ( 360)                 .FILL x0061
(3152) 006C  0000000001101100 ( 360)                 .FILL x006C
(3153) 0074  0000000001110100 ( 360)                 .FILL x0074
(3154) 0069  0000000001101001 ( 360)                 .FILL x0069
(3155) 006E  0000000001101110 ( 360)                 .FILL x006E
(3156) 0067  0000000001100111 ( 360)                 .FILL x0067
(3157) 002E  0000000000101110 ( 360)                 .FILL x002E
(3158) 0000  0000000000000000 ( 360)                 .FILL x0000
